<?xml version="1.0" encoding="UTF-8"?>
<!-- Generated by org.testng.reporters.JUnitXMLReporter -->
<testsuite ignored="0" hostname="Nazomhenrypc" failures="1" tests="1" name="firefox test" time="46.299" errors="0" timestamp="2024-03-31T00:18:32 GMT">
  <testcase classname="testcase.TC_01RegistrationTest" name="Verify_account_registration" time="15.794">
    <failure type="java.lang.AssertionError" message="null">
      <![CDATA[java.lang.AssertionError: null
at testcase.TC_01RegistrationTest.Verify_account_registration(TC_01RegistrationTest.java:70)
at java.base/java.util.ArrayList.forEach(ArrayList.java:1511)
... Removed 29 stack frames]]>
    </failure>
  </testcase> <!-- Verify_account_registration -->
</testsuite> <!-- firefox test -->
