<?xml version="1.0" encoding="UTF-8"?>
<!-- Generated by org.testng.reporters.JUnitXMLReporter -->
<testsuite ignored="0" hostname="Nazomhenrypc" failures="1" tests="2" name="Test" time="33.3" errors="0" timestamp="2024-04-07T01:57:51 BST">
  <testcase classname="testcase.TC_01RegistrationTest" name="Verify_account_registration" time="12.903">
    <failure type="java.lang.AssertionError" message="null">
      <![CDATA[java.lang.AssertionError: null
at testcase.TC_01RegistrationTest.Verify_account_registration(TC_01RegistrationTest.java:70)
at java.base/java.util.ArrayList.forEach(ArrayList.java:1511)
... Removed 29 stack frames]]>
    </failure>
  </testcase> <!-- Verify_account_registration -->
  <testcase classname="testcase.TC_02LoginTest" name="Verify_account_login" time="2.982"/>
</testsuite> <!-- Test -->
